<component name="libraryTable">
  <library name="junit-platform-console-standalone-1.7.0-all">
    <CLASSES>
      <root url="jar://$PROJECT_DIR$/../../CGS_DAM/1ยบ/Entornos_Desarrollo/Trimestre_2/Junit-testing/Junit-testing/lib/junit-platform-console-standalone-1.7.0-all.jar!/" />
    </CLASSES>
    <JAVADOC />
    <SOURCES />
  </library>
</component>